<?xml version="1.0"?><coverage lines-covered="935" lines-valid="3292" line-rate="0.28402187120291617" branches-covered="0" branches-valid="0" branch-rate="0" complexity="0" version="1.9" timestamp="1761778341"><sources><source>/home/eshanized/TIVerse/multigit</source></sources><packages><package name="tests/fixtures" line-rate="0" branch-rate="0" complexity="0"><classes></classes></package><package name="src/models" line-rate="0.6157635467980296" branch-rate="0" complexity="0"><classes><class name="config" filename="src/models/config.rs" line-rate="0.8636363636363636" branch-rate="0" complexity="0"><methods/><lines><line number="30" hits="3"/><line number="32" hits="2"/><line number="34" hits="3"/><line number="41" hits="3"/><line number="42" hits="4"/><line number="89" hits="4"/><line number="93" hits="3"/><line number="94" hits="4"/><line number="95" hits="3"/><line number="126" hits="1"/><line number="127" hits="1"/><line number="128" hits="1"/><line number="129" hits="1"/><line number="130" hits="0"/><line number="131" hits="0"/><line number="156" hits="4"/><line number="158" hits="3"/><line number="185" hits="1"/><line number="186" hits="1"/><line number="187" hits="1"/><line number="188" hits="1"/><line number="189" hits="0"/></lines></class><class name="remote" filename="src/models/remote.rs" line-rate="0.43243243243243246" branch-rate="0" complexity="0"><methods/><lines><line number="40" hits="1"/><line number="46" hits="1"/><line number="48" hits="1"/><line number="57" hits="0"/><line number="58" hits="0"/><line number="59" hits="0"/><line number="64" hits="1"/><line number="65" hits="1"/><line number="66" hits="1"/><line number="71" hits="1"/><line number="72" hits="1"/><line number="73" hits="1"/><line number="78" hits="0"/><line number="79" hits="0"/><line number="80" hits="0"/><line number="85" hits="1"/><line number="86" hits="1"/><line number="111" hits="0"/><line number="112" hits="0"/><line number="113" hits="0"/><line number="114" hits="0"/><line number="115" hits="0"/><line number="116" hits="0"/><line number="117" hits="0"/><line number="118" hits="0"/><line number="124" hits="0"/><line number="125" hits="0"/><line number="126" hits="0"/><line number="127" hits="0"/><line number="128" hits="0"/><line number="129" hits="0"/><line number="130" hits="0"/><line number="131" hits="0"/><line number="137" hits="0"/><line number="138" hits="0"/><line number="143" hits="1"/><line number="144" hits="1"/><line number="145" hits="1"/><line number="146" hits="0"/><line number="147" hits="0"/><line number="148" hits="0"/><line number="150" hits="1"/><line number="151" hits="1"/><line number="158" hits="1"/><line number="159" hits="1"/><line number="160" hits="1"/><line number="161" hits="0"/><line number="162" hits="0"/><line number="163" hits="0"/><line number="167" hits="0"/><line number="168" hits="0"/><line number="169" hits="0"/><line number="170" hits="0"/><line number="177" hits="0"/><line number="178" hits="0"/><line number="185" hits="1"/><line number="186" hits="2"/><line number="187" hits="2"/><line number="188" hits="3"/><line number="189" hits="2"/><line number="190" hits="2"/><line number="191" hits="2"/><line number="192" hits="2"/><line number="193" hits="2"/><line number="209" hits="0"/><line number="210" hits="0"/><line number="211" hits="0"/><line number="212" hits="0"/><line number="233" hits="1"/><line number="234" hits="1"/><line number="239" hits="1"/><line number="240" hits="1"/><line number="245" hits="0"/><line number="246" hits="0"/></lines></class><class name="repository" filename="src/models/repository.rs" line-rate="1" branch-rate="0" complexity="0"><methods/><lines><line number="42" hits="3"/><line number="50" hits="3"/><line number="52" hits="3"/><line number="53" hits="3"/><line number="55" hits="3"/><line number="64" hits="3"/><line number="65" hits="6"/><line number="66" hits="3"/><line number="70" hits="3"/><line number="71" hits="6"/><line number="72" hits="3"/><line number="76" hits="2"/><line number="77" hits="6"/><line number="78" hits="3"/><line number="110" hits="1"/><line number="112" hits="1"/><line number="115" hits="1"/><line number="124" hits="1"/><line number="125" hits="1"/><line number="126" hits="1"/><line number="130" hits="1"/><line number="131" hits="2"/><line number="132" hits="1"/><line number="136" hits="1"/><line number="137" hits="2"/><line number="138" hits="1"/><line number="143" hits="1"/><line number="144" hits="1"/><line number="145" hits="1"/><line number="174" hits="1"/><line number="187" hits="1"/><line number="188" hits="1"/><line number="193" hits="1"/><line number="194" hits="1"/></lines></class><class name="sync_state" filename="src/models/sync_state.rs" line-rate="0.547945205479452" branch-rate="0" complexity="0"><methods/><lines><line number="31" hits="1"/><line number="33" hits="1"/><line number="34" hits="1"/><line number="35" hits="1"/><line number="36" hits="1"/><line number="43" hits="1"/><line number="44" hits="2"/><line number="49" hits="1"/><line number="50" hits="1"/><line number="55" hits="1"/><line number="56" hits="1"/><line number="61" hits="0"/><line number="62" hits="0"/><line number="64" hits="0"/><line number="65" hits="0"/><line number="70" hits="1"/><line number="71" hits="1"/><line number="72" hits="0"/><line number="73" hits="2"/><line number="74" hits="1"/><line number="75" hits="3"/><line number="78" hits="3"/><line number="80" hits="0"/><line number="82" hits="1"/><line number="114" hits="1"/><line number="116" hits="1"/><line number="128" hits="1"/><line number="129" hits="1"/><line number="133" hits="1"/><line number="134" hits="1"/><line number="135" hits="1"/><line number="136" hits="1"/><line number="137" hits="2"/><line number="141" hits="0"/><line number="142" hits="0"/><line number="143" hits="0"/><line number="168" hits="0"/><line number="169" hits="0"/><line number="170" hits="0"/><line number="171" hits="0"/><line number="172" hits="0"/><line number="173" hits="0"/><line number="174" hits="0"/><line number="200" hits="0"/><line number="201" hits="0"/><line number="202" hits="0"/><line number="203" hits="0"/><line number="204" hits="0"/><line number="205" hits="0"/><line number="206" hits="0"/><line number="235" hits="1"/><line number="244" hits="1"/><line number="245" hits="1"/><line number="246" hits="1"/><line number="252" hits="1"/><line number="253" hits="2"/><line number="254" hits="1"/><line number="279" hits="0"/><line number="280" hits="0"/><line number="281" hits="0"/><line number="282" hits="0"/><line number="283" hits="0"/><line number="284" hits="0"/><line number="285" hits="0"/><line number="311" hits="1"/><line number="313" hits="1"/><line number="315" hits="1"/><line number="322" hits="0"/><line number="324" hits="0"/><line number="326" hits="0"/><line number="334" hits="1"/><line number="335" hits="1"/><line number="336" hits="1"/></lines></class></classes></package><package name="tests/integration" line-rate="0" branch-rate="0" complexity="0"><classes></classes></package><package name="src/cli" line-rate="0.030800821355236138" branch-rate="0" complexity="0"><classes><class name="interactive" filename="src/cli/interactive.rs" line-rate="0.07258064516129033" branch-rate="0" complexity="0"><methods/><lines><line number="13" hits="0"/><line number="14" hits="0"/><line number="16" hits="0"/><line number="19" hits="0"/><line number="21" hits="0"/><line number="25" hits="0"/><line number="26" hits="0"/><line number="27" hits="0"/><line number="29" hits="0"/><line number="31" hits="0"/><line number="32" hits="0"/><line number="35" hits="0"/><line number="39" hits="0"/><line number="40" hits="0"/><line number="42" hits="0"/><line number="43" hits="0"/><line number="44" hits="0"/><line number="45" hits="0"/><line number="47" hits="0"/><line number="48" hits="0"/><line number="49" hits="0"/><line number="51" hits="0"/><line number="52" hits="0"/><line number="53" hits="0"/><line number="55" hits="0"/><line number="56" hits="0"/><line number="57" hits="0"/><line number="59" hits="0"/><line number="60" hits="0"/><line number="61" hits="0"/><line number="64" hits="0"/><line number="67" hits="0"/><line number="69" hits="0"/><line number="70" hits="0"/><line number="72" hits="0"/><line number="74" hits="0"/><line number="75" hits="0"/><line number="78" hits="0"/><line number="82" hits="0"/><line number="83" hits="0"/><line number="84" hits="0"/><line number="87" hits="0"/><line number="91" hits="0"/><line number="93" hits="0"/><line number="94" hits="0"/><line number="97" hits="0"/><line number="100" hits="0"/><line number="102" hits="0"/><line number="103" hits="0"/><line number="106" hits="0"/><line number="110" hits="0"/><line number="111" hits="0"/><line number="112" hits="0"/><line number="115" hits="0"/><line number="119" hits="0"/><line number="120" hits="0"/><line number="121" hits="0"/><line number="123" hits="0"/><line number="124" hits="0"/><line number="127" hits="0"/><line number="129" hits="0"/><line number="133" hits="0"/><line number="134" hits="0"/><line number="135" hits="0"/><line number="137" hits="0"/><line number="140" hits="0"/><line number="144" hits="0"/><line number="146" hits="0"/><line number="147" hits="0"/><line number="148" hits="0"/><line number="153" hits="0"/><line number="154" hits="0"/><line number="156" hits="0"/><line number="160" hits="0"/><line number="164" hits="0"/><line number="165" hits="0"/><line number="169" hits="0"/><line number="171" hits="0"/><line number="172" hits="0"/><line number="174" hits="0"/><line number="179" hits="0"/><line number="180" hits="0"/><line number="181" hits="0"/><line number="183" hits="0"/><line number="186" hits="0"/><line number="188" hits="0"/><line number="192" hits="0"/><line number="193" hits="0"/><line number="200" hits="0"/><line number="202" hits="0"/><line number="205" hits="0"/><line number="207" hits="0"/><line number="208" hits="0"/><line number="209" hits="0"/><line number="210" hits="0"/><line number="211" hits="0"/><line number="212" hits="0"/><line number="215" hits="0"/><line number="219" hits="0"/><line number="220" hits="0"/><line number="221" hits="0"/><line number="224" hits="0"/><line number="225" hits="0"/><line number="228" hits="0"/><line number="230" hits="0"/><line number="233" hits="0"/><line number="235" hits="0"/><line number="239" hits="1"/><line number="242" hits="1"/><line number="243" hits="1"/><line number="246" hits="1"/><line number="247" hits="1"/><line number="249" hits="2"/><line number="250" hits="1"/><line number="253" hits="1"/><line number="254" hits="3"/><line number="258" hits="0"/><line number="259" hits="0"/><line number="263" hits="0"/><line number="264" hits="0"/><line number="268" hits="0"/><line number="269" hits="0"/><line number="273" hits="0"/><line number="274" hits="0"/></lines></class><class name="parser" filename="src/cli/parser.rs" line-rate="0" branch-rate="0" complexity="0"><methods/><lines><line number="212" hits="0"/><line number="213" hits="0"/></lines></class></classes></package><package name="src/utils" line-rate="0.6257668711656442" branch-rate="0" complexity="0"><classes><class name="error" filename="src/utils/error.rs" line-rate="0.7105263157894737" branch-rate="0" complexity="0"><methods/><lines><line number="105" hits="2"/><line number="107" hits="2"/><line number="108" hits="2"/><line number="113" hits="2"/><line number="115" hits="2"/><line number="116" hits="2"/><line number="121" hits="2"/><line number="123" hits="2"/><line number="124" hits="4"/><line number="129" hits="1"/><line number="130" hits="1"/><line number="134" hits="2"/><line number="135" hits="2"/><line number="139" hits="1"/><line number="140" hits="1"/><line number="144" hits="2"/><line number="145" hits="2"/><line number="149" hits="0"/><line number="150" hits="0"/><line number="154" hits="1"/><line number="155" hits="1"/><line number="160" hits="2"/><line number="161" hits="3"/><line number="162" hits="1"/><line number="163" hits="1"/><line number="173" hits="0"/><line number="174" hits="0"/><line number="182" hits="0"/><line number="183" hits="0"/><line number="191" hits="0"/><line number="192" hits="0"/><line number="198" hits="0"/><line number="204" hits="2"/><line number="205" hits="2"/><line number="210" hits="2"/><line number="211" hits="2"/><line number="217" hits="0"/><line number="218" hits="0"/></lines></class><class name="logger" filename="src/utils/logger.rs" line-rate="0.375" branch-rate="0" complexity="0"><methods/><lines><line number="31" hits="1"/><line number="32" hits="1"/><line number="33" hits="1"/><line number="34" hits="0"/><line number="35" hits="1"/><line number="36" hits="1"/><line number="37" hits="0"/><line number="43" hits="1"/><line number="44" hits="1"/><line number="45" hits="1"/><line number="46" hits="1"/><line number="47" hits="1"/><line number="48" hits="1"/><line number="49" hits="1"/><line number="55" hits="0"/><line number="56" hits="0"/><line number="83" hits="1"/><line number="98" hits="1"/><line number="99" hits="1"/><line number="104" hits="1"/><line number="105" hits="1"/><line number="106" hits="1"/><line number="111" hits="1"/><line number="112" hits="1"/><line number="113" hits="1"/><line number="118" hits="1"/><line number="119" hits="1"/><line number="120" hits="1"/><line number="124" hits="1"/><line number="125" hits="2"/><line number="126" hits="1"/><line number="131" hits="0"/><line number="132" hits="0"/><line number="133" hits="0"/><line number="138" hits="0"/><line number="139" hits="0"/><line number="140" hits="0"/><line number="145" hits="0"/><line number="147" hits="0"/><line number="148" hits="0"/><line number="150" hits="0"/><line number="152" hits="0"/><line number="154" hits="0"/><line number="155" hits="0"/><line number="157" hits="0"/><line number="160" hits="0"/><line number="161" hits="0"/><line number="162" hits="0"/><line number="163" hits="0"/><line number="164" hits="0"/><line number="165" hits="0"/><line number="167" hits="0"/><line number="169" hits="0"/><line number="170" hits="0"/><line number="171" hits="0"/><line number="172" hits="0"/><line number="174" hits="0"/><line number="176" hits="0"/><line number="180" hits="0"/><line number="182" hits="0"/><line number="186" hits="0"/><line number="187" hits="0"/><line number="191" hits="0"/><line number="192" hits="0"/><line number="195" hits="0"/><line number="202" hits="0"/><line number="203" hits="0"/><line number="204" hits="0"/><line number="205" hits="0"/><line number="207" hits="0"/><line number="208" hits="0"/><line number="211" hits="0"/></lines></class><class name="validation" filename="src/utils/validation.rs" line-rate="0.9056603773584906" branch-rate="0" complexity="0"><methods/><lines><line number="8" hits="1"/><line number="9" hits="1"/><line number="10" hits="1"/><line number="15" hits="1"/><line number="16" hits="0"/><line number="24" hits="3"/><line number="26" hits="1"/><line number="27" hits="1"/><line number="32" hits="1"/><line number="36" hits="1"/><line number="39" hits="1"/><line number="40" hits="1"/><line number="43" hits="1"/><line number="45" hits="0"/><line number="50" hits="2"/><line number="51" hits="1"/><line number="54" hits="1"/><line number="55" hits="1"/><line number="60" hits="1"/><line number="64" hits="1"/><line number="65" hits="1"/><line number="66" hits="1"/><line number="70" hits="3"/><line number="71" hits="1"/><line number="76" hits="1"/><line number="77" hits="1"/><line number="83" hits="1"/><line number="84" hits="3"/><line number="85" hits="1"/><line number="87" hits="1"/><line number="88" hits="1"/><line number="89" hits="3"/><line number="90" hits="1"/><line number="91" hits="1"/><line number="95" hits="1"/><line number="99" hits="1"/><line number="100" hits="3"/><line number="101" hits="5"/><line number="103" hits="1"/><line number="107" hits="1"/><line number="108" hits="1"/><line number="109" hits="1"/><line number="112" hits="1"/><line number="113" hits="1"/><line number="118" hits="1"/><line number="119" hits="0"/><line number="124" hits="1"/><line number="129" hits="1"/><line number="130" hits="1"/><line number="131" hits="1"/><line number="133" hits="2"/><line number="139" hits="0"/><line number="140" hits="0"/></lines></class></classes></package><package name="src/api" line-rate="0.6909090909090909" branch-rate="0" complexity="0"><classes><class name="client" filename="src/api/client.rs" line-rate="0.85" branch-rate="0" complexity="0"><methods/><lines><line number="10" hits="1"/><line number="11" hits="1"/><line number="12" hits="2"/><line number="13" hits="2"/><line number="14" hits="2"/><line number="16" hits="2"/><line number="17" hits="2"/><line number="18" hits="2"/><line number="21" hits="7"/><line number="22" hits="2"/><line number="23" hits="4"/><line number="24" hits="4"/><line number="27" hits="1"/><line number="29" hits="1"/><line number="39" hits="1"/><line number="40" hits="1"/><line number="41" hits="1"/><line number="47" hits="0"/><line number="53" hits="0"/><line number="54" hits="0"/></lines></class><class name="rate_limiter" filename="src/api/rate_limiter.rs" line-rate="0.8536585365853658" branch-rate="0" complexity="0"><methods/><lines><line number="30" hits="3"/><line number="32" hits="3"/><line number="43" hits="1"/><line number="46" hits="1"/><line number="51" hits="0"/><line number="53" hits="0"/><line number="58" hits="0"/><line number="60" hits="0"/><line number="64" hits="4"/><line number="65" hits="1"/><line number="67" hits="2"/><line number="68" hits="2"/><line number="70" hits="1"/><line number="71" hits="2"/><line number="72" hits="1"/><line number="73" hits="1"/><line number="76" hits="2"/><line number="77" hits="1"/><line number="78" hits="1"/><line number="81" hits="1"/><line number="82" hits="4"/><line number="87" hits="1"/><line number="88" hits="1"/><line number="89" hits="2"/><line number="91" hits="2"/><line number="92" hits="2"/><line number="93" hits="1"/><line number="94" hits="1"/><line number="96" hits="0"/><line number="97" hits="0"/><line number="103" hits="1"/><line number="104" hits="1"/><line number="105" hits="2"/><line number="106" hits="1"/><line number="111" hits="2"/><line number="112" hits="2"/><line number="113" hits="2"/><line number="115" hits="5"/><line number="116" hits="2"/><line number="117" hits="3"/><line number="118" hits="3"/></lines></class><class name="retry" filename="src/api/retry.rs" line-rate="0.4897959183673469" branch-rate="0" complexity="0"><methods/><lines><line number="23" hits="1"/><line number="26" hits="1"/><line number="27" hits="1"/><line number="36" hits="0"/><line number="39" hits="0"/><line number="40" hits="0"/><line number="47" hits="0"/><line number="50" hits="0"/><line number="51" hits="0"/><line number="58" hits="1"/><line number="59" hits="1"/><line number="60" hits="1"/><line number="63" hits="1"/><line number="64" hits="1"/><line number="76" hits="4"/><line number="82" hits="2"/><line number="84" hits="2"/><line number="85" hits="4"/><line number="87" hits="6"/><line number="88" hits="1"/><line number="89" hits="1"/><line number="90" hits="2"/><line number="92" hits="1"/><line number="94" hits="2"/><line number="95" hits="2"/><line number="96" hits="2"/><line number="97" hits="1"/><line number="100" hits="4"/><line number="101" hits="2"/><line number="102" hits="0"/><line number="103" hits="0"/><line number="106" hits="8"/><line number="118" hits="0"/><line number="120" hits="0"/><line number="121" hits="0"/><line number="123" hits="0"/><line number="124" hits="0"/><line number="125" hits="0"/><line number="126" hits="0"/><line number="128" hits="0"/><line number="130" hits="0"/><line number="131" hits="0"/><line number="132" hits="0"/><line number="133" hits="0"/><line number="136" hits="0"/><line number="137" hits="0"/><line number="138" hits="0"/><line number="139" hits="0"/><line number="142" hits="0"/></lines></class></classes></package><package name="tests" line-rate="0" branch-rate="0" complexity="0"><classes></classes></package><package name="src/ui" line-rate="0.6649484536082474" branch-rate="0" complexity="0"><classes><class name="formatter" filename="src/ui/formatter.rs" line-rate="0.7844827586206896" branch-rate="0" complexity="0"><methods/><lines><line number="29" hits="2"/><line number="32" hits="2"/><line number="39" hits="1"/><line number="40" hits="1"/><line number="41" hits="1"/><line number="45" hits="2"/><line number="46" hits="2"/><line number="50" hits="2"/><line number="51" hits="3"/><line number="54" hits="9"/><line number="55" hits="6"/><line number="58" hits="3"/><line number="59" hits="4"/><line number="60" hits="4"/><line number="61" hits="2"/><line number="67" hits="2"/><line number="68" hits="2"/><line number="69" hits="2"/><line number="70" hits="4"/><line number="72" hits="2"/><line number="74" hits="4"/><line number="75" hits="2"/><line number="78" hits="2"/><line number="81" hits="3"/><line number="82" hits="3"/><line number="83" hits="6"/><line number="84" hits="3"/><line number="85" hits="2"/><line number="88" hits="2"/><line number="91" hits="3"/><line number="92" hits="4"/><line number="93" hits="2"/><line number="94" hits="4"/><line number="95" hits="2"/><line number="96" hits="2"/><line number="97" hits="2"/><line number="101" hits="2"/><line number="135" hits="2"/><line number="136" hits="2"/><line number="137" hits="2"/><line number="139" hits="2"/><line number="145" hits="1"/><line number="146" hits="1"/><line number="147" hits="1"/><line number="149" hits="1"/><line number="155" hits="2"/><line number="156" hits="2"/><line number="157" hits="2"/><line number="159" hits="1"/><line number="165" hits="2"/><line number="166" hits="2"/><line number="171" hits="1"/><line number="172" hits="1"/><line number="177" hits="2"/><line number="178" hits="2"/><line number="183" hits="1"/><line number="184" hits="1"/><line number="193" hits="0"/><line number="194" hits="0"/><line number="195" hits="0"/><line number="198" hits="0"/><line number="204" hits="0"/><line number="205" hits="0"/><line number="206" hits="0"/><line number="207" hits="0"/><line number="212" hits="2"/><line number="213" hits="2"/><line number="214" hits="2"/><line number="215" hits="2"/><line number="216" hits="2"/><line number="218" hits="2"/><line number="224" hits="2"/><line number="226" hits="2"/><line number="227" hits="2"/><line number="229" hits="6"/><line number="230" hits="2"/><line number="231" hits="4"/><line number="234" hits="2"/><line number="235" hits="2"/><line number="237" hits="4"/><line number="242" hits="0"/><line number="243" hits="0"/><line number="244" hits="0"/><line number="245" hits="0"/><line number="246" hits="0"/><line number="247" hits="0"/><line number="249" hits="0"/><line number="250" hits="0"/><line number="251" hits="0"/><line number="256" hits="0"/><line number="257" hits="0"/><line number="258" hits="0"/><line number="259" hits="0"/><line number="261" hits="0"/><line number="262" hits="0"/><line number="283" hits="2"/><line number="284" hits="2"/><line number="285" hits="4"/><line number="286" hits="1"/><line number="287" hits="1"/><line number="288" hits="1"/><line number="289" hits="1"/><line number="295" hits="1"/><line number="296" hits="1"/><line number="297" hits="1"/><line number="298" hits="1"/><line number="299" hits="1"/><line number="300" hits="1"/><line number="301" hits="1"/><line number="307" hits="3"/><line number="308" hits="3"/><line number="309" hits="3"/><line number="310" hits="1"/><line number="312" hits="2"/><line number="318" hits="0"/><line number="319" hits="0"/></lines></class><class name="progress" filename="src/ui/progress.rs" line-rate="0.48717948717948717" branch-rate="0" complexity="0"><methods/><lines><line number="19" hits="1"/><line number="20" hits="1"/><line number="21" hits="1"/><line number="23" hits="3"/><line number="24" hits="2"/><line number="25" hits="1"/><line number="26" hits="1"/><line number="27" hits="1"/><line number="28" hits="1"/><line number="29" hits="1"/><line number="31" hits="1"/><line number="32" hits="1"/><line number="33" hits="1"/><line number="40" hits="0"/><line number="41" hits="0"/><line number="42" hits="0"/><line number="43" hits="0"/><line number="44" hits="0"/><line number="49" hits="0"/><line number="50" hits="0"/><line number="51" hits="0"/><line number="56" hits="0"/><line number="57" hits="0"/><line number="58" hits="0"/><line number="64" hits="0"/><line number="65" hits="0"/><line number="77" hits="1"/><line number="78" hits="1"/><line number="79" hits="1"/><line number="80" hits="1"/><line number="81" hits="1"/><line number="82" hits="1"/><line number="83" hits="1"/><line number="85" hits="1"/><line number="86" hits="1"/><line number="92" hits="0"/><line number="93" hits="0"/><line number="97" hits="0"/><line number="98" hits="0"/><line number="102" hits="1"/><line number="103" hits="1"/><line number="115" hits="1"/><line number="116" hits="1"/><line number="117" hits="1"/><line number="118" hits="1"/><line number="119" hits="1"/><line number="120" hits="1"/><line number="121" hits="1"/><line number="123" hits="1"/><line number="129" hits="1"/><line number="130" hits="1"/><line number="134" hits="1"/><line number="135" hits="1"/><line number="139" hits="0"/><line number="140" hits="0"/><line number="144" hits="1"/><line number="145" hits="1"/><line number="149" hits="0"/><line number="150" hits="0"/><line number="156" hits="0"/><line number="157" hits="0"/><line number="158" hits="0"/><line number="159" hits="0"/><line number="160" hits="0"/><line number="163" hits="0"/><line number="164" hits="0"/><line number="166" hits="0"/><line number="167" hits="0"/><line number="171" hits="0"/><line number="172" hits="0"/><line number="176" hits="0"/><line number="177" hits="0"/><line number="181" hits="0"/><line number="182" hits="0"/><line number="186" hits="0"/><line number="187" hits="0"/><line number="191" hits="0"/><line number="192" hits="0"/></lines></class></classes></package><package name="examples" line-rate="0" branch-rate="0" complexity="0"><classes></classes></package><package name="src" line-rate="0.28402187120291617" branch-rate="0" complexity="0"><classes><class name="lib" filename="src/lib.rs" line-rate="0.5" branch-rate="0" complexity="0"><methods/><lines><line number="89" hits="4"/><line number="90" hits="0"/></lines></class><class name="main" filename="src/main.rs" line-rate="0" branch-rate="0" complexity="0"><methods/><lines><line number="270" hits="0"/><line number="271" hits="0"/><line number="274" hits="0"/><line number="275" hits="0"/><line number="276" hits="0"/><line number="277" hits="0"/><line number="279" hits="0"/><line number="280" hits="0"/><line number="282" hits="0"/><line number="285" hits="0"/><line number="287" hits="0"/><line number="290" hits="0"/><line number="292" hits="0"/><line number="295" hits="0"/><line number="298" hits="0"/><line number="305" hits="0"/><line number="306" hits="0"/><line number="308" hits="0"/><line number="312" hits="0"/><line number="313" hits="0"/><line number="316" hits="0"/><line number="318" hits="0"/><line number="321" hits="0"/><line number="323" hits="0"/><line number="326" hits="0"/><line number="328" hits="0"/><line number="333" hits="0"/><line number="336" hits="0"/><line number="338" hits="0"/><line number="341" hits="0"/><line number="343" hits="0"/><line number="344" hits="0"/><line number="345" hits="0"/><line number="347" hits="0"/><line number="348" hits="0"/><line number="350" hits="0"/><line number="351" hits="0"/><line number="356" hits="0"/><line number="358" hits="0"/><line number="359" hits="0"/><line number="360" hits="0"/><line number="362" hits="0"/><line number="367" hits="0"/><line number="369" hits="0"/><line number="370" hits="0"/><line number="375" hits="0"/><line number="377" hits="0"/><line number="380" hits="0"/><line number="382" hits="0"/><line number="384" hits="0"/><line number="389" hits="0"/><line number="394" hits="0"/><line number="396" hits="0"/><line number="397" hits="0"/><line number="398" hits="0"/><line number="401" hits="0"/><line number="404" hits="0"/><line number="406" hits="0"/><line number="407" hits="0"/><line number="413" hits="0"/><line number="417" hits="0"/><line number="420" hits="0"/><line number="423" hits="0"/><line number="425" hits="0"/><line number="426" hits="0"/><line number="431" hits="0"/><line number="434" hits="0"/><line number="435" hits="0"/><line number="438" hits="0"/><line number="439" hits="0"/><line number="442" hits="0"/><line number="443" hits="0"/><line number="446" hits="0"/><line number="447" hits="0"/><line number="451" hits="0"/></lines></class></classes></package><package name="tests/unit" line-rate="0" branch-rate="0" complexity="0"><classes></classes></package><package name="src/providers" line-rate="0.018726591760299626" branch-rate="0" complexity="0"><classes><class name="bitbucket" filename="src/providers/bitbucket.rs" line-rate="0" branch-rate="0" complexity="0"><methods/><lines><line number="26" hits="0"/><line number="27" hits="0"/><line number="28" hits="0"/><line number="29" hits="0"/><line number="30" hits="0"/><line number="31" hits="0"/><line number="35" hits="0"/><line number="36" hits="0"/><line number="38" hits="0"/><line number="39" hits="0"/><line number="41" hits="0"/><line number="42" hits="0"/><line number="44" hits="0"/><line number="45" hits="0"/><line number="47" hits="0"/><line number="48" hits="0"/><line number="49" hits="0"/><line number="50" hits="0"/><line number="52" hits="0"/><line number="53" hits="0"/><line number="54" hits="0"/><line number="55" hits="0"/><line number="60" hits="0"/><line number="61" hits="0"/><line number="63" hits="0"/><line number="66" hits="0"/><line number="67" hits="0"/><line number="69" hits="0"/><line number="70" hits="0"/><line number="72" hits="0"/><line number="73" hits="0"/><line number="75" hits="0"/><line number="76" hits="0"/><line number="78" hits="0"/><line number="79" hits="0"/><line number="80" hits="0"/><line number="81" hits="0"/><line number="82" hits="0"/><line number="84" hits="0"/><line number="85" hits="0"/><line number="86" hits="0"/><line number="87" hits="0"/><line number="92" hits="0"/><line number="93" hits="0"/><line number="95" hits="0"/><line number="101" hits="0"/><line number="105" hits="0"/><line number="106" hits="0"/><line number="107" hits="0"/><line number="108" hits="0"/><line number="109" hits="0"/><line number="113" hits="0"/><line number="114" hits="0"/><line number="116" hits="0"/><line number="122" hits="0"/><line number="123" hits="0"/><line number="125" hits="0"/><line number="126" hits="0"/><line number="128" hits="0"/><line number="129" hits="0"/><line number="132" hits="0"/><line number="134" hits="0"/><line number="135" hits="0"/><line number="138" hits="0"/><line number="139" hits="0"/><line number="140" hits="0"/><line number="141" hits="0"/><line number="142" hits="0"/><line number="143" hits="0"/><line number="144" hits="0"/><line number="145" hits="0"/><line number="146" hits="0"/><line number="147" hits="0"/><line number="148" hits="0"/><line number="149" hits="0"/><line number="150" hits="0"/><line number="151" hits="0"/><line number="152" hits="0"/><line number="153" hits="0"/><line number="155" hits="0"/><line number="156" hits="0"/><line number="157" hits="0"/><line number="158" hits="0"/><line number="163" hits="0"/><line number="164" hits="0"/><line number="165" hits="0"/><line number="167" hits="0"/><line number="168" hits="0"/><line number="170" hits="0"/><line number="171" hits="0"/><line number="174" hits="0"/><line number="176" hits="0"/><line number="177" hits="0"/><line number="180" hits="0"/><line number="181" hits="0"/><line number="182" hits="0"/><line number="183" hits="0"/><line number="184" hits="0"/><line number="185" hits="0"/><line number="186" hits="0"/><line number="187" hits="0"/><line number="188" hits="0"/><line number="189" hits="0"/><line number="190" hits="0"/><line number="191" hits="0"/><line number="192" hits="0"/><line number="193" hits="0"/><line number="194" hits="0"/><line number="195" hits="0"/><line number="197" hits="0"/><line number="198" hits="0"/><line number="199" hits="0"/><line number="200" hits="0"/><line number="205" hits="0"/><line number="206" hits="0"/><line number="207" hits="0"/><line number="208" hits="0"/><line number="212" hits="0"/><line number="214" hits="0"/><line number="215" hits="0"/><line number="218" hits="0"/><line number="219" hits="0"/><line number="220" hits="0"/><line number="223" hits="0"/><line number="225" hits="0"/><line number="228" hits="0"/></lines></class><class name="codeberg" filename="src/providers/codeberg.rs" line-rate="0" branch-rate="0" complexity="0"><methods/><lines><line number="12" hits="0"/><line number="13" hits="0"/></lines></class><class name="gitea" filename="src/providers/gitea.rs" line-rate="0" branch-rate="0" complexity="0"><methods/><lines><line number="28" hits="0"/><line number="29" hits="0"/><line number="31" hits="0"/><line number="32" hits="0"/><line number="33" hits="0"/><line number="34" hits="0"/><line number="35" hits="0"/><line number="36" hits="0"/><line number="37" hits="0"/><line number="41" hits="0"/><line number="42" hits="0"/><line number="44" hits="0"/><line number="45" hits="0"/><line number="47" hits="0"/><line number="48" hits="0"/><line number="50" hits="0"/><line number="51" hits="0"/><line number="53" hits="0"/><line number="54" hits="0"/><line number="55" hits="0"/><line number="56" hits="0"/><line number="58" hits="0"/><line number="59" hits="0"/><line number="60" hits="0"/><line number="61" hits="0"/><line number="66" hits="0"/><line number="67" hits="0"/><line number="69" hits="0"/><line number="72" hits="0"/><line number="73" hits="0"/><line number="75" hits="0"/><line number="76" hits="0"/><line number="78" hits="0"/><line number="79" hits="0"/><line number="81" hits="0"/><line number="82" hits="0"/><line number="84" hits="0"/><line number="85" hits="0"/><line number="86" hits="0"/><line number="87" hits="0"/><line number="88" hits="0"/><line number="90" hits="0"/><line number="91" hits="0"/><line number="92" hits="0"/><line number="93" hits="0"/><line number="98" hits="0"/><line number="99" hits="0"/><line number="101" hits="0"/><line number="107" hits="0"/><line number="111" hits="0"/><line number="112" hits="0"/><line number="113" hits="0"/><line number="114" hits="0"/><line number="115" hits="0"/><line number="119" hits="0"/><line number="120" hits="0"/><line number="122" hits="0"/><line number="129" hits="0"/><line number="131" hits="0"/><line number="132" hits="0"/><line number="133" hits="0"/><line number="134" hits="0"/><line number="135" hits="0"/><line number="136" hits="0"/><line number="137" hits="0"/><line number="138" hits="0"/><line number="139" hits="0"/><line number="140" hits="0"/><line number="141" hits="0"/><line number="142" hits="0"/><line number="143" hits="0"/><line number="144" hits="0"/><line number="145" hits="0"/><line number="146" hits="0"/><line number="148" hits="0"/><line number="149" hits="0"/><line number="150" hits="0"/><line number="151" hits="0"/><line number="156" hits="0"/><line number="157" hits="0"/><line number="158" hits="0"/><line number="160" hits="0"/><line number="161" hits="0"/><line number="162" hits="0"/><line number="163" hits="0"/><line number="164" hits="0"/><line number="165" hits="0"/><line number="166" hits="0"/><line number="167" hits="0"/><line number="168" hits="0"/><line number="169" hits="0"/><line number="170" hits="0"/><line number="171" hits="0"/><line number="172" hits="0"/><line number="173" hits="0"/><line number="174" hits="0"/><line number="175" hits="0"/><line number="177" hits="0"/><line number="178" hits="0"/><line number="179" hits="0"/><line number="180" hits="0"/><line number="185" hits="0"/><line number="187" hits="0"/><line number="192" hits="0"/><line number="193" hits="0"/><line number="194" hits="0"/><line number="198" hits="0"/><line number="199" hits="0"/><line number="202" hits="0"/><line number="203" hits="0"/><line number="205" hits="0"/><line number="210" hits="0"/><line number="211" hits="0"/><line number="212" hits="0"/><line number="215" hits="0"/><line number="216" hits="0"/><line number="218" hits="0"/><line number="221" hits="0"/><line number="223" hits="0"/><line number="226" hits="0"/></lines></class><class name="github" filename="src/providers/github.rs" line-rate="0.06329113924050633" branch-rate="0" complexity="0"><methods/><lines><line number="26" hits="1"/><line number="27" hits="2"/><line number="28" hits="2"/><line number="29" hits="1"/><line number="30" hits="1"/><line number="31" hits="1"/><line number="36" hits="0"/><line number="37" hits="0"/><line number="39" hits="0"/><line number="40" hits="0"/><line number="42" hits="0"/><line number="43" hits="0"/><line number="45" hits="0"/><line number="48" hits="0"/><line number="50" hits="0"/><line number="51" hits="0"/><line number="53" hits="0"/><line number="54" hits="0"/><line number="55" hits="0"/><line number="56" hits="0"/><line number="57" hits="0"/><line number="59" hits="0"/><line number="60" hits="0"/><line number="61" hits="0"/><line number="62" hits="0"/><line number="67" hits="0"/><line number="68" hits="0"/><line number="70" hits="0"/><line number="74" hits="0"/><line number="75" hits="0"/><line number="77" hits="0"/><line number="78" hits="0"/><line number="80" hits="0"/><line number="81" hits="0"/><line number="83" hits="0"/><line number="84" hits="0"/><line number="86" hits="0"/><line number="87" hits="0"/><line number="88" hits="0"/><line number="89" hits="0"/><line number="90" hits="0"/><line number="91" hits="0"/><line number="93" hits="0"/><line number="94" hits="0"/><line number="95" hits="0"/><line number="96" hits="0"/><line number="101" hits="0"/><line number="102" hits="0"/><line number="104" hits="0"/><line number="108" hits="0"/><line number="109" hits="0"/><line number="111" hits="0"/><line number="112" hits="0"/><line number="114" hits="0"/><line number="115" hits="0"/><line number="117" hits="0"/><line number="118" hits="0"/><line number="120" hits="0"/><line number="121" hits="0"/><line number="122" hits="0"/><line number="123" hits="0"/><line number="124" hits="0"/><line number="126" hits="0"/><line number="127" hits="0"/><line number="128" hits="0"/><line number="129" hits="0"/><line number="134" hits="0"/><line number="136" hits="0"/><line number="142" hits="0"/><line number="146" hits="0"/><line number="147" hits="0"/><line number="149" hits="0"/><line number="151" hits="0"/><line number="152" hits="0"/><line number="154" hits="0"/><line number="155" hits="0"/><line number="156" hits="0"/><line number="161" hits="0"/><line number="162" hits="0"/><line number="164" hits="0"/><line number="171" hits="0"/><line number="173" hits="0"/><line number="174" hits="0"/><line number="175" hits="0"/><line number="176" hits="0"/><line number="177" hits="0"/><line number="178" hits="0"/><line number="179" hits="0"/><line number="180" hits="0"/><line number="181" hits="0"/><line number="182" hits="0"/><line number="183" hits="0"/><line number="184" hits="0"/><line number="185" hits="0"/><line number="186" hits="0"/><line number="187" hits="0"/><line number="188" hits="0"/><line number="190" hits="0"/><line number="191" hits="0"/><line number="192" hits="0"/><line number="193" hits="0"/><line number="198" hits="0"/><line number="199" hits="0"/><line number="201" hits="0"/><line number="202" hits="0"/><line number="204" hits="0"/><line number="205" hits="0"/><line number="206" hits="0"/><line number="207" hits="0"/><line number="208" hits="0"/><line number="209" hits="0"/><line number="210" hits="0"/><line number="211" hits="0"/><line number="212" hits="0"/><line number="213" hits="0"/><line number="214" hits="0"/><line number="215" hits="0"/><line number="216" hits="0"/><line number="217" hits="0"/><line number="218" hits="0"/><line number="219" hits="0"/><line number="221" hits="0"/><line number="222" hits="0"/><line number="223" hits="0"/><line number="224" hits="0"/><line number="229" hits="1"/><line number="230" hits="1"/><line number="231" hits="1"/><line number="232" hits="1"/><line number="236" hits="0"/><line number="237" hits="0"/><line number="240" hits="0"/><line number="241" hits="0"/><line number="243" hits="0"/><line number="247" hits="0"/><line number="248" hits="0"/><line number="250" hits="0"/><line number="253" hits="0"/><line number="254" hits="0"/><line number="258" hits="0"/><line number="259" hits="0"/><line number="261" hits="0"/><line number="262" hits="0"/><line number="265" hits="0"/><line number="266" hits="0"/><line number="271" hits="0"/><line number="275" hits="0"/><line number="277" hits="0"/><line number="278" hits="0"/><line number="281" hits="0"/><line number="282" hits="0"/><line number="284" hits="0"/><line number="285" hits="0"/><line number="287" hits="0"/><line number="288" hits="0"/><line number="289" hits="0"/><line number="290" hits="0"/><line number="291" hits="0"/></lines></class><class name="gitlab" filename="src/providers/gitlab.rs" line-rate="0" branch-rate="0" complexity="0"><methods/><lines><line number="27" hits="0"/><line number="28" hits="0"/><line number="29" hits="0"/><line number="30" hits="0"/><line number="31" hits="0"/><line number="32" hits="0"/><line number="33" hits="0"/><line number="37" hits="0"/><line number="38" hits="0"/><line number="40" hits="0"/><line number="41" hits="0"/><line number="43" hits="0"/><line number="44" hits="0"/><line number="46" hits="0"/><line number="47" hits="0"/><line number="49" hits="0"/><line number="50" hits="0"/><line number="51" hits="0"/><line number="52" hits="0"/><line number="54" hits="0"/><line number="55" hits="0"/><line number="56" hits="0"/><line number="57" hits="0"/><line number="62" hits="0"/><line number="63" hits="0"/><line number="65" hits="0"/><line number="68" hits="0"/><line number="69" hits="0"/><line number="71" hits="0"/><line number="72" hits="0"/><line number="74" hits="0"/><line number="75" hits="0"/><line number="77" hits="0"/><line number="78" hits="0"/><line number="80" hits="0"/><line number="81" hits="0"/><line number="82" hits="0"/><line number="83" hits="0"/><line number="84" hits="0"/><line number="86" hits="0"/><line number="87" hits="0"/><line number="88" hits="0"/><line number="89" hits="0"/><line number="94" hits="0"/><line number="95" hits="0"/><line number="97" hits="0"/><line number="103" hits="0"/><line number="107" hits="0"/><line number="108" hits="0"/><line number="109" hits="0"/><line number="110" hits="0"/><line number="111" hits="0"/><line number="115" hits="0"/><line number="116" hits="0"/><line number="118" hits="0"/><line number="121" hits="0"/><line number="124" hits="0"/><line number="126" hits="0"/><line number="127" hits="0"/><line number="128" hits="0"/><line number="129" hits="0"/><line number="130" hits="0"/><line number="131" hits="0"/><line number="132" hits="0"/><line number="134" hits="0"/><line number="135" hits="0"/><line number="136" hits="0"/><line number="137" hits="0"/><line number="138" hits="0"/><line number="139" hits="0"/><line number="140" hits="0"/><line number="141" hits="0"/><line number="142" hits="0"/><line number="143" hits="0"/><line number="144" hits="0"/><line number="145" hits="0"/><line number="146" hits="0"/><line number="148" hits="0"/><line number="149" hits="0"/><line number="150" hits="0"/><line number="151" hits="0"/><line number="156" hits="0"/><line number="157" hits="0"/><line number="158" hits="0"/><line number="159" hits="0"/><line number="160" hits="0"/><line number="162" hits="0"/><line number="163" hits="0"/><line number="164" hits="0"/><line number="165" hits="0"/><line number="166" hits="0"/><line number="167" hits="0"/><line number="168" hits="0"/><line number="170" hits="0"/><line number="171" hits="0"/><line number="172" hits="0"/><line number="173" hits="0"/><line number="174" hits="0"/><line number="175" hits="0"/><line number="176" hits="0"/><line number="177" hits="0"/><line number="178" hits="0"/><line number="179" hits="0"/><line number="180" hits="0"/><line number="181" hits="0"/><line number="182" hits="0"/><line number="184" hits="0"/><line number="185" hits="0"/><line number="186" hits="0"/><line number="187" hits="0"/><line number="192" hits="0"/><line number="193" hits="0"/><line number="194" hits="0"/><line number="195" hits="0"/><line number="199" hits="0"/><line number="200" hits="0"/><line number="205" hits="0"/><line number="206" hits="0"/><line number="207" hits="0"/><line number="212" hits="0"/><line number="213" hits="0"/><line number="214" hits="0"/><line number="217" hits="0"/><line number="218" hits="0"/><line number="221" hits="0"/><line number="224" hits="0"/><line number="227" hits="0"/><line number="230" hits="0"/></lines></class></classes></package><package name="src/security" line-rate="0.816" branch-rate="0" complexity="0"><classes><class name="audit" filename="src/security/audit.rs" line-rate="0.5909090909090909" branch-rate="0" complexity="0"><methods/><lines><line number="52" hits="1"/><line number="54" hits="1"/><line number="57" hits="1"/><line number="64" hits="1"/><line number="65" hits="2"/><line number="66" hits="1"/><line number="70" hits="0"/><line number="71" hits="0"/><line number="72" hits="0"/><line number="85" hits="1"/><line number="91" hits="0"/><line number="92" hits="0"/><line number="93" hits="0"/><line number="94" hits="0"/><line number="95" hits="0"/><line number="99" hits="1"/><line number="100" hits="1"/><line number="104" hits="2"/><line number="107" hits="2"/><line number="108" hits="2"/><line number="109" hits="0"/><line number="110" hits="0"/><line number="117" hits="2"/><line number="118" hits="1"/><line number="119" hits="1"/><line number="120" hits="1"/><line number="122" hits="1"/><line number="123" hits="0"/><line number="124" hits="0"/><line number="129" hits="2"/><line number="130" hits="1"/><line number="131" hits="0"/><line number="132" hits="0"/><line number="137" hits="2"/><line number="138" hits="0"/><line number="143" hits="1"/><line number="144" hits="1"/><line number="145" hits="0"/><line number="148" hits="1"/><line number="149" hits="1"/><line number="151" hits="3"/><line number="154" hits="1"/><line number="159" hits="0"/><line number="160" hits="0"/></lines></class><class name="encryption" filename="src/security/encryption.rs" line-rate="0.95" branch-rate="0" complexity="0"><methods/><lines><line number="13" hits="1"/><line number="14" hits="1"/><line number="16" hits="1"/><line number="18" hits="1"/><line number="19" hits="3"/><line number="20" hits="1"/><line number="21" hits="1"/><line number="23" hits="1"/><line number="24" hits="1"/><line number="25" hits="1"/><line number="27" hits="2"/><line number="29" hits="1"/><line number="31" hits="1"/><line number="32" hits="1"/><line number="36" hits="1"/><line number="37" hits="1"/><line number="39" hits="2"/><line number="40" hits="1"/><line number="42" hits="1"/><line number="44" hits="0"/><line number="45" hits="0"/><line number="50" hits="1"/><line number="51" hits="3"/><line number="52" hits="1"/><line number="53" hits="5"/><line number="55" hits="1"/><line number="56" hits="1"/><line number="57" hits="1"/><line number="59" hits="1"/><line number="60" hits="1"/><line number="64" hits="1"/><line number="65" hits="2"/><line number="66" hits="2"/><line number="70" hits="1"/><line number="71" hits="2"/><line number="72" hits="1"/><line number="73" hits="1"/><line number="75" hits="2"/><line number="77" hits="1"/><line number="78" hits="1"/></lines></class><class name="keyring" filename="src/security/keyring.rs" line-rate="0.926829268292683" branch-rate="0" complexity="0"><methods/><lines><line number="20" hits="1"/><line number="22" hits="1"/><line number="28" hits="0"/><line number="33" hits="1"/><line number="34" hits="1"/><line number="36" hits="2"/><line number="37" hits="1"/><line number="39" hits="1"/><line number="40" hits="1"/><line number="41" hits="1"/><line number="43" hits="1"/><line number="44" hits="1"/><line number="48" hits="1"/><line number="49" hits="1"/><line number="51" hits="2"/><line number="52" hits="1"/><line number="54" hits="2"/><line number="56" hits="4"/><line number="58" hits="2"/><line number="59" hits="1"/><line number="63" hits="1"/><line number="64" hits="1"/><line number="66" hits="2"/><line number="67" hits="1"/><line number="69" hits="1"/><line number="71" hits="1"/><line number="73" hits="1"/><line number="74" hits="1"/><line number="79" hits="1"/><line number="80" hits="1"/><line number="84" hits="1"/><line number="85" hits="1"/><line number="86" hits="2"/><line number="90" hits="1"/><line number="91" hits="1"/><line number="92" hits="2"/><line number="96" hits="1"/><line number="97" hits="1"/><line number="98" hits="2"/><line number="103" hits="0"/><line number="104" hits="0"/></lines></class></classes></package><package name="src/git" line-rate="0.48320413436692505" branch-rate="0" complexity="0"><classes><class name="branch" filename="src/git/branch.rs" line-rate="0.3783783783783784" branch-rate="0" complexity="0"><methods/><lines><line number="17" hits="1"/><line number="22" hits="1"/><line number="23" hits="1"/><line number="26" hits="1"/><line number="27" hits="0"/><line number="28" hits="0"/><line number="29" hits="0"/><line number="31" hits="1"/><line number="32" hits="1"/><line number="34" hits="1"/><line number="35" hits="4"/><line number="36" hits="1"/><line number="37" hits="1"/><line number="41" hits="3"/><line number="42" hits="1"/><line number="43" hits="4"/><line number="45" hits="1"/><line number="46" hits="2"/><line number="50" hits="1"/><line number="51" hits="1"/><line number="53" hits="2"/><line number="54" hits="0"/><line number="55" hits="1"/><line number="56" hits="1"/><line number="58" hits="2"/><line number="60" hits="1"/><line number="61" hits="1"/><line number="65" hits="1"/><line number="66" hits="2"/><line number="67" hits="0"/><line number="68" hits="1"/><line number="69" hits="1"/><line number="71" hits="1"/><line number="72" hits="4"/><line number="73" hits="2"/><line number="74" hits="2"/><line number="75" hits="2"/><line number="79" hits="1"/><line number="80" hits="1"/><line number="84" hits="0"/><line number="85" hits="0"/><line number="86" hits="0"/><line number="87" hits="0"/><line number="88" hits="0"/><line number="90" hits="0"/><line number="91" hits="0"/><line number="92" hits="0"/><line number="93" hits="0"/><line number="94" hits="0"/><line number="98" hits="0"/><line number="99" hits="0"/><line number="103" hits="0"/><line number="104" hits="0"/><line number="105" hits="0"/><line number="106" hits="0"/><line number="107" hits="0"/><line number="109" hits="0"/><line number="110" hits="0"/><line number="114" hits="1"/><line number="115" hits="1"/><line number="116" hits="1"/><line number="117" hits="3"/><line number="118" hits="0"/><line number="123" hits="0"/><line number="124" hits="0"/><line number="126" hits="0"/><line number="127" hits="0"/><line number="128" hits="0"/><line number="129" hits="0"/><line number="131" hits="0"/><line number="132" hits="0"/><line number="133" hits="0"/><line number="135" hits="0"/><line number="136" hits="0"/><line number="137" hits="0"/><line number="139" hits="0"/><line number="143" hits="1"/><line number="144" hits="1"/><line number="146" hits="2"/><line number="147" hits="0"/><line number="148" hits="0"/><line number="152" hits="1"/><line number="154" hits="1"/><line number="157" hits="1"/><line number="161" hits="0"/><line number="162" hits="0"/><line number="165" hits="0"/><line number="166" hits="0"/><line number="167" hits="0"/><line number="168" hits="0"/><line number="170" hits="0"/><line number="173" hits="0"/><line number="176" hits="0"/><line number="177" hits="0"/><line number="178" hits="0"/><line number="181" hits="0"/><line number="182" hits="0"/><line number="183" hits="0"/><line number="185" hits="0"/><line number="186" hits="0"/><line number="190" hits="0"/><line number="191" hits="0"/><line number="192" hits="0"/><line number="194" hits="0"/><line number="195" hits="0"/><line number="196" hits="0"/><line number="197" hits="0"/><line number="199" hits="0"/><line number="200" hits="0"/><line number="201" hits="0"/><line number="202" hits="0"/><line number="204" hits="0"/><line number="205" hits="0"/><line number="206" hits="0"/><line number="207" hits="0"/><line number="209" hits="0"/><line number="210" hits="0"/><line number="211" hits="0"/><line number="213" hits="0"/><line number="217" hits="0"/><line number="218" hits="0"/><line number="219" hits="0"/><line number="220" hits="0"/><line number="221" hits="0"/><line number="223" hits="0"/><line number="224" hits="0"/><line number="225" hits="0"/><line number="227" hits="0"/><line number="228" hits="0"/><line number="229" hits="0"/><line number="231" hits="0"/><line number="232" hits="0"/><line number="237" hits="1"/><line number="238" hits="2"/><line number="239" hits="1"/><line number="240" hits="0"/><line number="243" hits="2"/><line number="244" hits="1"/><line number="245" hits="1"/><line number="247" hits="1"/><line number="248" hits="0"/><line number="250" hits="1"/><line number="253" hits="1"/><line number="256" hits="1"/><line number="257" hits="1"/><line number="258" hits="0"/><line number="259" hits="0"/><line number="260" hits="1"/></lines></class><class name="operations" filename="src/git/operations.rs" line-rate="0.4965034965034965" branch-rate="0" complexity="0"><methods/><lines><line number="17" hits="5"/><line number="18" hits="11"/><line number="19" hits="5"/><line number="21" hits="12"/><line number="23" hits="12"/><line number="24" hits="7"/><line number="28" hits="4"/><line number="29" hits="10"/><line number="30" hits="5"/><line number="32" hits="14"/><line number="34" hits="19"/><line number="35" hits="10"/><line number="39" hits="1"/><line number="40" hits="1"/><line number="42" hits="2"/><line number="43" hits="0"/><line number="44" hits="0"/><line number="48" hits="1"/><line number="50" hits="1"/><line number="53" hits="2"/><line number="54" hits="1"/><line number="58" hits="0"/><line number="59" hits="0"/><line number="63" hits="3"/><line number="64" hits="3"/><line number="66" hits="3"/><line number="67" hits="3"/><line number="68" hits="3"/><line number="69" hits="3"/><line number="71" hits="7"/><line number="73" hits="4"/><line number="74" hits="5"/><line number="75" hits="6"/><line number="80" hits="1"/><line number="81" hits="1"/><line number="85" hits="1"/><line number="86" hits="1"/><line number="87" hits="0"/><line number="92" hits="0"/><line number="93" hits="0"/><line number="95" hits="0"/><line number="97" hits="0"/><line number="98" hits="0"/><line number="101" hits="0"/><line number="102" hits="0"/><line number="104" hits="0"/><line number="105" hits="0"/><line number="106" hits="0"/><line number="108" hits="0"/><line number="109" hits="0"/><line number="111" hits="0"/><line number="112" hits="0"/><line number="114" hits="0"/><line number="115" hits="0"/><line number="121" hits="0"/><line number="123" hits="0"/><line number="124" hits="0"/><line number="125" hits="0"/><line number="127" hits="0"/><line number="128" hits="0"/><line number="132" hits="0"/><line number="133" hits="0"/><line number="135" hits="0"/><line number="137" hits="0"/><line number="138" hits="0"/><line number="140" hits="0"/><line number="141" hits="0"/><line number="143" hits="0"/><line number="144" hits="0"/><line number="147" hits="0"/><line number="149" hits="0"/><line number="150" hits="0"/><line number="151" hits="0"/><line number="153" hits="0"/><line number="154" hits="0"/><line number="158" hits="0"/><line number="163" hits="0"/><line number="164" hits="0"/><line number="166" hits="0"/><line number="168" hits="0"/><line number="169" hits="0"/><line number="171" hits="0"/><line number="173" hits="0"/><line number="174" hits="0"/><line number="176" hits="0"/><line number="178" hits="0"/><line number="179" hits="0"/><line number="181" hits="0"/><line number="185" hits="0"/><line number="189" hits="0"/><line number="190" hits="0"/><line number="191" hits="0"/><line number="193" hits="0"/><line number="195" hits="0"/><line number="199" hits="0"/><line number="200" hits="0"/><line number="204" hits="1"/><line number="205" hits="2"/><line number="207" hits="1"/><line number="208" hits="1"/><line number="210" hits="1"/><line number="211" hits="3"/><line number="212" hits="2"/><line number="213" hits="2"/><line number="214" hits="2"/><line number="218" hits="1"/><line number="219" hits="1"/><line number="224" hits="2"/><line number="225" hits="2"/><line number="230" hits="3"/><line number="235" hits="2"/><line number="236" hits="3"/><line number="238" hits="2"/><line number="239" hits="2"/><line number="241" hits="1"/><line number="243" hits="1"/><line number="246" hits="4"/><line number="247" hits="2"/><line number="251" hits="0"/><line number="253" hits="0"/><line number="256" hits="0"/><line number="260" hits="1"/><line number="261" hits="1"/><line number="265" hits="0"/><line number="266" hits="0"/><line number="267" hits="0"/><line number="269" hits="0"/><line number="271" hits="0"/><line number="272" hits="0"/><line number="276" hits="1"/><line number="277" hits="1"/><line number="279" hits="4"/><line number="280" hits="2"/><line number="281" hits="4"/><line number="283" hits="2"/><line number="284" hits="2"/><line number="288" hits="1"/><line number="289" hits="1"/><line number="291" hits="3"/><line number="292" hits="1"/><line number="293" hits="2"/><line number="295" hits="1"/><line number="296" hits="1"/></lines></class><class name="remote" filename="src/git/remote.rs" line-rate="0.625" branch-rate="0" complexity="0"><methods/><lines><line number="17" hits="1"/><line number="22" hits="1"/><line number="23" hits="1"/><line number="26" hits="1"/><line number="27" hits="0"/><line number="28" hits="0"/><line number="32" hits="3"/><line number="33" hits="2"/><line number="34" hits="2"/><line number="36" hits="2"/><line number="37" hits="1"/><line number="41" hits="1"/><line number="42" hits="1"/><line number="44" hits="1"/><line number="45" hits="0"/><line number="48" hits="2"/><line number="49" hits="1"/><line number="50" hits="1"/><line number="52" hits="1"/><line number="53" hits="1"/><line number="57" hits="1"/><line number="58" hits="1"/><line number="60" hits="1"/><line number="61" hits="0"/><line number="64" hits="2"/><line number="65" hits="1"/><line number="66" hits="1"/><line number="68" hits="1"/><line number="69" hits="1"/><line number="73" hits="1"/><line number="74" hits="1"/><line number="76" hits="0"/><line number="78" hits="6"/><line number="81" hits="4"/><line number="82" hits="1"/><line number="86" hits="1"/><line number="87" hits="2"/><line number="88" hits="0"/><line number="89" hits="1"/><line number="90" hits="1"/><line number="92" hits="1"/><line number="94" hits="1"/><line number="97" hits="2"/><line number="98" hits="1"/><line number="102" hits="1"/><line number="103" hits="1"/><line number="104" hits="5"/><line number="108" hits="0"/><line number="109" hits="0"/><line number="111" hits="0"/><line number="112" hits="0"/><line number="115" hits="0"/><line number="116" hits="0"/><line number="117" hits="0"/><line number="121" hits="0"/><line number="122" hits="0"/><line number="123" hits="0"/><line number="125" hits="0"/><line number="126" hits="0"/><line number="127" hits="0"/><line number="129" hits="0"/><line number="133" hits="0"/><line number="134" hits="0"/><line number="135" hits="0"/><line number="136" hits="0"/><line number="137" hits="0"/><line number="140" hits="0"/><line number="142" hits="0"/><line number="143" hits="0"/><line number="146" hits="0"/><line number="155" hits="1"/><line number="156" hits="1"/><line number="158" hits="2"/><line number="159" hits="1"/><line number="161" hits="1"/><line number="165" hits="1"/><line number="167" hits="1"/><line number="168" hits="1"/><line number="169" hits="2"/><line number="170" hits="0"/><line number="173" hits="2"/><line number="174" hits="1"/><line number="176" hits="1"/><line number="180" hits="0"/><line number="181" hits="0"/><line number="182" hits="0"/><line number="183" hits="0"/><line number="187" hits="0"/><line number="192" hits="1"/><line number="193" hits="1"/><line number="194" hits="2"/><line number="195" hits="2"/><line number="196" hits="1"/><line number="198" hits="0"/><line number="201" hits="2"/><line number="208" hits="1"/></lines></class></classes></package><package name="src/core" line-rate="0.2786885245901639" branch-rate="0" complexity="0"><classes><class name="auth" filename="src/core/auth.rs" line-rate="0.1188118811881188" branch-rate="0" complexity="0"><methods/><lines><line number="37" hits="1"/><line number="38" hits="2"/><line number="39" hits="1"/><line number="41" hits="1"/><line number="44" hits="2"/><line number="45" hits="0"/><line number="47" hits="1"/><line number="59" hits="0"/><line number="60" hits="0"/><line number="62" hits="0"/><line number="64" hits="0"/><line number="65" hits="0"/><line number="67" hits="0"/><line number="71" hits="0"/><line number="72" hits="0"/><line number="74" hits="0"/><line number="75" hits="0"/><line number="79" hits="0"/><line number="80" hits="0"/><line number="85" hits="0"/><line number="88" hits="0"/><line number="89" hits="0"/><line number="91" hits="0"/><line number="94" hits="0"/><line number="98" hits="1"/><line number="99" hits="1"/><line number="102" hits="1"/><line number="103" hits="3"/><line number="104" hits="2"/><line number="105" hits="1"/><line number="109" hits="0"/><line number="111" hits="0"/><line number="112" hits="0"/><line number="114" hits="0"/><line number="118" hits="0"/><line number="119" hits="0"/><line number="121" hits="0"/><line number="122" hits="0"/><line number="129" hits="0"/><line number="132" hits="0"/><line number="133" hits="0"/><line number="135" hits="0"/><line number="138" hits="0"/><line number="142" hits="0"/><line number="143" hits="0"/><line number="147" hits="0"/><line number="148" hits="0"/><line number="150" hits="0"/><line number="152" hits="0"/><line number="153" hits="0"/><line number="155" hits="0"/><line number="159" hits="0"/><line number="160" hits="0"/><line number="162" hits="0"/><line number="163" hits="0"/><line number="167" hits="0"/><line number="168" hits="0"/><line number="173" hits="0"/><line number="176" hits="0"/><line number="177" hits="0"/><line number="179" hits="0"/><line number="182" hits="0"/><line number="186" hits="0"/><line number="187" hits="0"/><line number="192" hits="0"/><line number="193" hits="0"/><line number="204" hits="0"/><line number="208" hits="0"/><line number="209" hits="0"/><line number="210" hits="0"/><line number="213" hits="0"/><line number="214" hits="0"/><line number="216" hits="0"/><line number="217" hits="0"/><line number="218" hits="0"/><line number="220" hits="0"/><line number="223" hits="0"/><line number="225" hits="0"/><line number="226" hits="0"/><line number="227" hits="0"/><line number="230" hits="0"/><line number="231" hits="0"/><line number="233" hits="0"/><line number="235" hits="0"/><line number="236" hits="0"/><line number="238" hits="0"/><line number="241" hits="0"/><line number="242" hits="0"/><line number="243" hits="0"/><line number="244" hits="0"/><line number="245" hits="0"/><line number="248" hits="0"/><line number="249" hits="0"/><line number="250" hits="0"/><line number="252" hits="0"/><line number="254" hits="0"/><line number="257" hits="0"/><line number="258" hits="0"/><line number="259" hits="0"/><line number="260" hits="0"/><line number="261" hits="0"/></lines></class><class name="config" filename="src/core/config.rs" line-rate="0.35106382978723405" branch-rate="0" complexity="0"><methods/><lines><line number="71" hits="0"/><line number="73" hits="0"/><line number="76" hits="0"/><line number="77" hits="0"/><line number="81" hits="0"/><line number="82" hits="0"/><line number="85" hits="0"/><line number="89" hits="0"/><line number="90" hits="0"/><line number="92" hits="0"/><line number="93" hits="0"/><line number="94" hits="0"/><line number="97" hits="0"/><line number="98" hits="0"/><line number="99" hits="0"/><line number="100" hits="0"/><line number="102" hits="0"/><line number="106" hits="0"/><line number="107" hits="0"/><line number="109" hits="0"/><line number="110" hits="0"/><line number="111" hits="0"/><line number="114" hits="0"/><line number="115" hits="0"/><line number="116" hits="0"/><line number="117" hits="0"/><line number="119" hits="0"/><line number="123" hits="0"/><line number="124" hits="0"/><line number="125" hits="0"/><line number="126" hits="0"/><line number="130" hits="0"/><line number="131" hits="0"/><line number="136" hits="0"/><line number="137" hits="0"/><line number="142" hits="0"/><line number="143" hits="0"/><line number="147" hits="2"/><line number="149" hits="2"/><line number="150" hits="2"/><line number="153" hits="5"/><line number="154" hits="2"/><line number="156" hits="5"/><line number="157" hits="3"/><line number="159" hits="3"/><line number="163" hits="0"/><line number="164" hits="0"/><line number="165" hits="0"/><line number="169" hits="0"/><line number="170" hits="0"/><line number="171" hits="0"/><line number="175" hits="0"/><line number="176" hits="0"/><line number="180" hits="1"/><line number="182" hits="1"/><line number="186" hits="2"/><line number="187" hits="1"/><line number="190" hits="1"/><line number="191" hits="1"/><line number="192" hits="1"/><line number="193" hits="1"/><line number="196" hits="1"/><line number="197" hits="0"/><line number="199" hits="2"/><line number="200" hits="0"/><line number="202" hits="2"/><line number="203" hits="0"/><line number="205" hits="2"/><line number="206" hits="0"/><line number="210" hits="1"/><line number="213" hits="1"/><line number="214" hits="0"/><line number="217" hits="1"/><line number="221" hits="3"/><line number="222" hits="2"/><line number="226" hits="2"/><line number="227" hits="2"/><line number="232" hits="2"/><line number="233" hits="2"/><line number="238" hits="2"/><line number="239" hits="2"/><line number="241" hits="6"/><line number="242" hits="6"/><line number="248" hits="0"/><line number="249" hits="0"/><line number="253" hits="0"/><line number="254" hits="0"/><line number="256" hits="0"/><line number="257" hits="0"/><line number="261" hits="0"/><line number="264" hits="0"/><line number="265" hits="0"/><line number="267" hits="0"/><line number="268" hits="0"/></lines></class><class name="conflict_resolver" filename="src/core/conflict_resolver.rs" line-rate="0.71875" branch-rate="0" complexity="0"><methods/><lines><line number="37" hits="2"/><line number="42" hits="1"/><line number="55" hits="2"/><line number="61" hits="1"/><line number="62" hits="2"/><line number="63" hits="1"/><line number="64" hits="1"/><line number="70" hits="1"/><line number="75" hits="1"/><line number="76" hits="1"/><line number="81" hits="1"/><line number="83" hits="2"/><line number="84" hits="2"/><line number="85" hits="1"/><line number="86" hits="2"/><line number="87" hits="1"/><line number="88" hits="1"/><line number="89" hits="1"/><line number="91" hits="0"/><line number="95" hits="0"/><line number="96" hits="0"/><line number="98" hits="0"/><line number="101" hits="0"/><line number="102" hits="0"/><line number="108" hits="1"/><line number="109" hits="1"/><line number="110" hits="1"/><line number="111" hits="0"/><line number="112" hits="0"/><line number="113" hits="0"/><line number="134" hits="1"/><line number="135" hits="1"/></lines></class><class name="health_checker" filename="src/core/health_checker.rs" line-rate="0.6585365853658537" branch-rate="0" complexity="0"><methods/><lines><line number="47" hits="2"/><line number="48" hits="1"/><line number="49" hits="3"/><line number="53" hits="1"/><line number="54" hits="2"/><line number="56" hits="2"/><line number="57" hits="2"/><line number="60" hits="3"/><line number="61" hits="1"/><line number="62" hits="0"/><line number="63" hits="0"/><line number="67" hits="3"/><line number="68" hits="4"/><line number="69" hits="0"/><line number="70" hits="0"/><line number="74" hits="2"/><line number="75" hits="4"/><line number="76" hits="2"/><line number="77" hits="0"/><line number="78" hits="0"/><line number="81" hits="4"/><line number="82" hits="2"/><line number="83" hits="2"/><line number="97" hits="2"/><line number="98" hits="2"/><line number="100" hits="2"/><line number="101" hits="2"/><line number="102" hits="0"/><line number="105" hits="2"/><line number="107" hits="4"/><line number="108" hits="0"/><line number="109" hits="0"/><line number="113" hits="0"/><line number="117" hits="0"/><line number="118" hits="0"/><line number="119" hits="0"/><line number="121" hits="0"/><line number="125" hits="2"/><line number="130" hits="1"/><line number="131" hits="1"/><line number="132" hits="1"/></lines></class><class name="sync_manager" filename="src/core/sync_manager.rs" line-rate="0.07142857142857142" branch-rate="0" complexity="0"><methods/><lines><line number="46" hits="3"/><line number="47" hits="2"/><line number="49" hits="2"/><line number="50" hits="0"/><line number="57" hits="0"/><line number="58" hits="0"/><line number="59" hits="0"/><line number="63" hits="0"/><line number="64" hits="0"/><line number="66" hits="0"/><line number="67" hits="0"/><line number="70" hits="0"/><line number="71" hits="0"/><line number="72" hits="0"/><line number="73" hits="0"/><line number="75" hits="0"/><line number="76" hits="0"/><line number="79" hits="0"/><line number="80" hits="0"/><line number="81" hits="0"/><line number="82" hits="0"/><line number="83" hits="0"/><line number="85" hits="0"/><line number="86" hits="0"/><line number="92" hits="0"/><line number="94" hits="0"/><line number="95" hits="0"/><line number="96" hits="0"/><line number="98" hits="0"/><line number="99" hits="0"/><line number="102" hits="0"/><line number="103" hits="0"/><line number="104" hits="0"/><line number="105" hits="0"/><line number="107" hits="0"/><line number="108" hits="0"/><line number="114" hits="0"/><line number="117" hits="0"/><line number="119" hits="0"/><line number="120" hits="0"/><line number="126" hits="0"/><line number="127" hits="0"/><line number="128" hits="0"/><line number="129" hits="0"/><line number="130" hits="0"/><line number="131" hits="0"/><line number="136" hits="0"/><line number="137" hits="0"/><line number="143" hits="0"/><line number="147" hits="0"/><line number="148" hits="0"/><line number="150" hits="0"/><line number="152" hits="0"/><line number="153" hits="0"/><line number="154" hits="0"/><line number="156" hits="0"/><line number="157" hits="0"/><line number="158" hits="0"/><line number="159" hits="0"/><line number="160" hits="0"/><line number="161" hits="0"/><line number="163" hits="0"/><line number="170" hits="0"/><line number="172" hits="0"/><line number="173" hits="0"/><line number="174" hits="0"/><line number="176" hits="0"/><line number="180" hits="0"/><line number="181" hits="0"/><line number="182" hits="0"/><line number="183" hits="0"/><line number="185" hits="0"/><line number="192" hits="0"/><line number="196" hits="0"/><line number="197" hits="0"/><line number="198" hits="0"/><line number="199" hits="0"/><line number="200" hits="0"/><line number="201" hits="0"/><line number="206" hits="0"/><line number="207" hits="0"/><line number="213" hits="0"/><line number="217" hits="0"/><line number="222" hits="0"/><line number="224" hits="0"/><line number="226" hits="0"/><line number="227" hits="0"/><line number="229" hits="0"/><line number="232" hits="0"/><line number="234" hits="0"/><line number="235" hits="0"/><line number="237" hits="0"/><line number="245" hits="0"/><line number="248" hits="0"/><line number="252" hits="1"/><line number="253" hits="1"/><line number="257" hits="1"/><line number="258" hits="1"/></lines></class></classes></package><package name="src/cli/commands" line-rate="0.024764150943396228" branch-rate="0" complexity="0"><classes><class name="branch" filename="src/cli/commands/branch.rs" line-rate="0" branch-rate="0" complexity="0"><methods/><lines><line number="19" hits="0"/><line number="20" hits="0"/><line number="22" hits="0"/><line number="23" hits="0"/><line number="25" hits="0"/><line number="27" hits="0"/><line number="29" hits="0"/><line number="30" hits="0"/><line number="31" hits="0"/><line number="33" hits="0"/><line number="34" hits="0"/><line number="35" hits="0"/><line number="40" hits="0"/><line number="41" hits="0"/><line number="42" hits="0"/><line number="44" hits="0"/><line number="45" hits="0"/><line number="49" hits="0"/><line number="51" hits="0"/><line number="55" hits="0"/><line number="56" hits="0"/><line number="58" hits="0"/><line number="59" hits="0"/><line number="61" hits="0"/><line number="64" hits="0"/><line number="65" hits="0"/><line number="66" hits="0"/><line number="69" hits="0"/><line number="72" hits="0"/><line number="73" hits="0"/><line number="74" hits="0"/><line number="75" hits="0"/><line number="80" hits="0"/><line number="81" hits="0"/><line number="82" hits="0"/><line number="83" hits="0"/><line number="87" hits="0"/><line number="88" hits="0"/><line number="90" hits="0"/><line number="94" hits="0"/><line number="95" hits="0"/><line number="97" hits="0"/><line number="98" hits="0"/><line number="100" hits="0"/><line number="103" hits="0"/><line number="104" hits="0"/><line number="105" hits="0"/><line number="106" hits="0"/><line number="107" hits="0"/><line number="111" hits="0"/><line number="114" hits="0"/><line number="115" hits="0"/><line number="116" hits="0"/><line number="117" hits="0"/><line number="122" hits="0"/><line number="123" hits="0"/><line number="124" hits="0"/><line number="125" hits="0"/><line number="130" hits="0"/><line number="131" hits="0"/><line number="132" hits="0"/><line number="134" hits="0"/><line number="136" hits="0"/><line number="141" hits="0"/><line number="144" hits="0"/><line number="148" hits="0"/><line number="151" hits="0"/><line number="155" hits="0"/><line number="157" hits="0"/><line number="161" hits="0"/><line number="163" hits="0"/></lines></class><class name="clone" filename="src/cli/commands/clone.rs" line-rate="0" branch-rate="0" complexity="0"><methods/><lines><line number="10" hits="0"/><line number="11" hits="0"/><line number="14" hits="0"/><line number="15" hits="0"/><line number="18" hits="0"/><line number="21" hits="0"/><line number="22" hits="0"/><line number="23" hits="0"/><line number="26" hits="0"/><line number="27" hits="0"/><line number="30" hits="0"/><line number="31" hits="0"/><line number="33" hits="0"/><line number="34" hits="0"/><line number="35" hits="0"/><line number="36" hits="0"/><line number="41" hits="0"/><line number="42" hits="0"/><line number="43" hits="0"/><line number="44" hits="0"/><line number="46" hits="0"/><line number="50" hits="0"/><line number="52" hits="0"/><line number="55" hits="0"/><line number="59" hits="0"/><line number="62" hits="0"/><line number="64" hits="0"/><line number="65" hits="0"/><line number="69" hits="0"/><line number="72" hits="0"/><line number="75" hits="0"/><line number="76" hits="0"/><line number="78" hits="0"/><line number="80" hits="0"/><line number="83" hits="0"/><line number="84" hits="0"/><line number="86" hits="0"/><line number="88" hits="0"/><line number="90" hits="0"/><line number="92" hits="0"/><line number="95" hits="0"/></lines></class><class name="conflict" filename="src/cli/commands/conflict.rs" line-rate="0.06766917293233082" branch-rate="0" complexity="0"><methods/><lines><line number="15" hits="0"/><line number="16" hits="0"/><line number="18" hits="0"/><line number="20" hits="0"/><line number="21" hits="0"/><line number="22" hits="0"/><line number="26" hits="0"/><line number="27" hits="0"/><line number="30" hits="0"/><line number="31" hits="0"/><line number="33" hits="0"/><line number="35" hits="0"/><line number="36" hits="0"/><line number="39" hits="0"/><line number="40" hits="0"/><line number="41" hits="0"/><line number="46" hits="0"/><line number="47" hits="0"/><line number="49" hits="0"/><line number="50" hits="0"/><line number="51" hits="0"/><line number="52" hits="0"/><line number="53" hits="0"/><line number="54" hits="0"/><line number="55" hits="0"/><line number="56" hits="0"/><line number="57" hits="0"/><line number="59" hits="0"/><line number="62" hits="0"/><line number="64" hits="0"/><line number="65" hits="0"/><line number="66" hits="0"/><line number="68" hits="0"/><line number="69" hits="0"/><line number="73" hits="0"/><line number="76" hits="0"/><line number="77" hits="0"/><line number="80" hits="0"/><line number="83" hits="0"/><line number="84" hits="0"/><line number="85" hits="0"/><line number="90" hits="0"/><line number="97" hits="0"/><line number="99" hits="0"/><line number="103" hits="0"/><line number="104" hits="0"/><line number="107" hits="0"/><line number="109" hits="0"/><line number="113" hits="0"/><line number="114" hits="0"/><line number="116" hits="0"/><line number="118" hits="0"/><line number="119" hits="0"/><line number="120" hits="0"/><line number="124" hits="0"/><line number="125" hits="0"/><line number="126" hits="0"/><line number="128" hits="0"/><line number="131" hits="0"/><line number="133" hits="0"/><line number="134" hits="0"/><line number="138" hits="0"/><line number="139" hits="0"/><line number="140" hits="0"/><line number="141" hits="0"/><line number="142" hits="0"/><line number="147" hits="0"/><line number="148" hits="0"/><line number="149" hits="0"/><line number="152" hits="0"/><line number="155" hits="0"/><line number="158" hits="0"/><line number="159" hits="0"/><line number="161" hits="0"/><line number="163" hits="0"/><line number="166" hits="0"/><line number="167" hits="0"/><line number="170" hits="0"/><line number="171" hits="0"/><line number="181" hits="0"/><line number="183" hits="0"/><line number="187" hits="0"/><line number="188" hits="0"/><line number="189" hits="0"/><line number="190" hits="0"/><line number="191" hits="0"/><line number="192" hits="0"/><line number="193" hits="0"/><line number="194" hits="0"/><line number="197" hits="0"/><line number="202" hits="0"/><line number="206" hits="0"/><line number="207" hits="0"/><line number="209" hits="0"/><line number="211" hits="0"/><line number="214" hits="0"/><line number="215" hits="0"/><line number="218" hits="0"/><line number="220" hits="0"/><line number="221" hits="0"/><line number="222" hits="0"/><line number="223" hits="0"/><line number="228" hits="0"/><line number="229" hits="0"/><line number="231" hits="0"/><line number="235" hits="0"/><line number="237" hits="0"/><line number="241" hits="0"/><line number="242" hits="0"/><line number="244" hits="0"/><line number="246" hits="0"/><line number="247" hits="0"/><line number="249" hits="0"/><line number="250" hits="0"/><line number="252" hits="0"/><line number="255" hits="0"/><line number="256" hits="0"/><line number="257" hits="0"/><line number="258" hits="0"/><line number="259" hits="0"/><line number="260" hits="0"/><line number="262" hits="0"/><line number="263" hits="0"/><line number="265" hits="0"/><line number="269" hits="1"/><line number="270" hits="2"/><line number="271" hits="1"/><line number="272" hits="1"/><line number="273" hits="1"/><line number="274" hits="3"/><line number="275" hits="3"/><line number="276" hits="2"/><line number="277" hits="2"/></lines></class><class name="create" filename="src/cli/commands/create.rs" line-rate="0" branch-rate="0" complexity="0"><methods/><lines><line number="15" hits="0"/><line number="16" hits="0"/><line number="18" hits="0"/><line number="22" hits="0"/><line number="23" hits="0"/><line number="28" hits="0"/><line number="31" hits="0"/><line number="34" hits="0"/><line number="35" hits="0"/><line number="36" hits="0"/><line number="37" hits="0"/><line number="38" hits="0"/><line number="39" hits="0"/><line number="41" hi
[...]
="113" hits="2"/><line number="115" hits="1"/><line number="119" hits="0"/><line number="120" hits="0"/><line number="122" hits="0"/><line number="123" hits="0"/><line number="125" hits="0"/><line number="127" hits="0"/><line number="129" hits="0"/><line number="130" hits="0"/><line number="134" hits="0"/><line number="135" hits="0"/><line number="138" hits="0"/><line number="139" hits="0"/><line number="142" hits="0"/><line number="143" hits="0"/><line number="145" hits="0"/><line number="147" hits="0"/><line number="149" hits="0"/><line number="150" hits="0"/><line number="152" hits="0"/><line number="155" hits="0"/><line number="156" hits="0"/><line number="159" hits="0"/><line number="160" hits="0"/><line number="161" hits="0"/><line number="163" hits="0"/><line number="167" hits="0"/><line number="168" hits="0"/><line number="170" hits="0"/><line number="173" hits="0"/><line number="174" hits="0"/><line number="175" hits="0"/><line number="176" hits="0"/><line number="177" hits="0"/><line number="181" hits="0"/><line number="184" hits="0"/><line number="185" hits="0"/><line number="187" hits="0"/></lines></class><class name="doctor" filename="src/cli/commands/doctor.rs" line-rate="0" branch-rate="0" complexity="0"><methods/><lines><line number="10" hits="0"/><line number="11" hits="0"/><line number="13" hits="0"/><line number="15" hits="0"/><line number="16" hits="0"/><line number="19" hits="0"/><line number="20" hits="0"/><line number="22" hits="0"/><line number="25" hits="0"/><line number="26" hits="0"/><line number="28" hits="0"/><line number="31" hits="0"/><line number="32" hits="0"/><line number="34" hits="0"/><line number="38" hits="0"/><line number="39" hits="0"/><line number="40" hits="0"/><line number="42" hits="0"/><line number="43" hits="0"/><line number="44" hits="0"/><line number="49" hits="0"/><line number="50" hits="0"/><line number="51" hits="0"/><line number="52" hits="0"/><line number="57" hits="0"/><line number="58" hits="0"/><line number="59" hits="0"/><line number="60" hits="0"/><line number="64" hits="0"/><line number="65" hits="0"/><line number="66" hits="0"/><line number="67" hits="0"/><line number="68" hits="0"/><line number="71" hits="0"/></lines></class><class name="fetch" filename="src/cli/commands/fetch.rs" line-rate="0" branch-rate="0" complexity="0"><methods/><lines><line number="11" hits="0"/><line number="12" hits="0"/><line number="14" hits="0"/><line number="17" hits="0"/><line number="19" hits="0"/><line number="20" hits="0"/><line number="21" hits="0"/><line number="22" hits="0"/><line number="23" hits="0"/><line number="25" hits="0"/><line number="26" hits="0"/><line number="27" hits="0"/><line number="30" hits="0"/><line number="33" hits="0"/><line number="36" hits="0"/><line number="39" hits="0"/><line number="40" hits="0"/><line number="42" hits="0"/><line number="43" hits="0"/><line number="44" hits="0"/><line number="45" hits="0"/><line number="47" hits="0"/><line number="48" hits="0"/><line number="52" hits="0"/><line number="54" hits="0"/><line number="55" hits="0"/><line number="58" hits="0"/></lines></class><class name="init" filename="src/cli/commands/init.rs" line-rate="0" branch-rate="0" complexity="0"><methods/><lines><line number="13" hits="0"/><line number="14" hits="0"/><line number="16" hits="0"/><line number="19" hits="0"/><line number="20" hits="0"/><line number="26" hits="0"/><line number="27" hits="0"/><line number="28" hits="0"/><line number="29" hits="0"/><line number="31" hits="0"/><line number="35" hits="0"/><line number="36" hits="0"/><line number="37" hits="0"/><line number="38" hits="0"/><line number="39" hits="0"/><line number="41" hits="0"/><line number="42" hits="0"/><line number="44" hits="0"/><line number="47" hits="0"/><line number="48" hits="0"/><line number="49" hits="0"/><line number="52" hits="0"/><line number="53" hits="0"/><line number="54" hits="0"/><line number="56" hits="0"/></lines></class><class name="pull" filename="src/cli/commands/pull.rs" line-rate="0" branch-rate="0" complexity="0"><methods/><lines><line number="10" hits="0"/><line number="11" hits="0"/><line number="13" hits="0"/><line number="16" hits="0"/><line number="17" hits="0"/><line number="18" hits="0"/><line number="22" hits="0"/><line number="24" hits="0"/><line number="27" hits="0"/><line number="28" hits="0"/><line number="29" hits="0"/><line number="30" hits="0"/><line number="34" hits="0"/><line number="35" hits="0"/><line number="36" hits="0"/><line number="39" hits="0"/><line number="41" hits="0"/><line number="42" hits="0"/><line number="43" hits="0"/><line number="44" hits="0"/><line number="45" hits="0"/><line number="46" hits="0"/><line number="49" hits="0"/><line number="50" hits="0"/><line number="51" hits="0"/><line number="54" hits="0"/><line number="58" hits="0"/><line number="59" hits="0"/><line number="61" hits="0"/></lines></class><class name="push" filename="src/cli/commands/push.rs" line-rate="0" branch-rate="0" complexity="0"><methods/><lines><line number="11" hits="0"/><line number="12" hits="0"/><line number="14" hits="0"/><line number="17" hits="0"/><line number="18" hits="0"/><line number="19" hits="0"/><line number="23" hits="0"/><line number="24" hits="0"/><line number="28" hits="0"/><line number="30" hits="0"/><line number="31" hits="0"/><line number="32" hits="0"/><line number="33" hits="0"/><line number="34" hits="0"/><line number="36" hits="0"/><line number="38" hits="0"/><line number="41" hits="0"/><line number="42" hits="0"/><line number="45" hits="0"/><line number="52" hits="0"/><line number="55" hits="0"/><line number="56" hits="0"/><line number="58" hits="0"/><line number="59" hits="0"/><line number="60" hits="0"/><line number="61" hits="0"/><line number="63" hits="0"/><line number="64" hits="0"/><line number="68" hits="0"/><line number="70" hits="0"/><line number="71" hits="0"/><line number="76" hits="0"/></lines></class><class name="remote" filename="src/cli/commands/remote.rs" line-rate="0.010752688172043012" branch-rate="0" complexity="0"><methods/><lines><line number="19" hits="0"/><line number="25" hits="0"/><line number="28" hits="0"/><line number="29" hits="0"/><line number="30" hits="0"/><line number="36" hits="0"/><line number="39" hits="0"/><line number="40" hits="0"/><line number="41" hits="0"/><line number="45" hits="0"/><line number="46" hits="0"/><line number="47" hits="0"/><line number="50" hits="0"/><line number="57" hits="0"/><line number="58" hits="0"/><line number="61" hits="0"/><line number="62" hits="0"/><line number="63" hits="0"/><line number="64" hits="0"/><line number="65" hits="0"/><line number="73" hits="0"/><line number="74" hits="0"/><line number="76" hits="0"/><line number="78" hits="0"/><line number="81" hits="0"/><line number="82" hits="0"/><line number="83" hits="0"/><line number="86" hits="0"/><line number="87" hits="0"/><line number="94" hits="0"/><line number="96" hits="0"/><line number="97" hits="0"/><line number="101" hits="0"/><line number="104" hits="0"/><line number="109" hits="0"/><line number="110" hits="0"/><line number="112" hits="0"/><line number="116" hits="0"/><line number="120" hits="0"/><line number="121" hits="0"/><line number="123" hits="0"/><line number="124" hits="0"/><line number="125" hits="0"/><line number="126" hits="0"/><line number="129" hits="0"/><line number="131" hits="0"/><line number="132" hits="0"/><line number="133" hits="0"/><line number="136" hits="0"/><line number="138" hits="0"/><line number="140" hits="0"/><line number="141" hits="0"/><line number="143" hits="0"/><line number="144" hits="0"/><line number="147" hits="0"/><line number="148" hits="0"/><line number="156" hits="0"/><line number="160" hits="0"/><line number="161" hits="0"/><line number="165" hits="0"/><line number="166" hits="0"/><line number="168" hits="0"/><line number="170" hits="0"/><line number="171" hits="0"/><line number="175" hits="0"/><line number="176" hits="0"/><line number="180" hits="0"/><line number="181" hits="0"/><line number="182" hits="0"/><line number="187" hits="0"/><line number="188" hits="0"/><line number="191" hits="0"/><line number="194" hits="0"/><line number="195" hits="0"/><line number="196" hits="0"/><line number="199" hits="0"/><line number="201" hits="0"/><line number="205" hits="0"/><line number="206" hits="0"/><line number="208" hits="0"/><line number="210" hits="0"/><line number="212" hits="0"/><line number="213" hits="0"/><line number="215" hits="0"/><line number="216" hits="0"/><line number="220" hits="0"/><line number="222" hits="0"/><line number="223" hits="0"/><line number="224" hits="0"/><line number="225" hits="0"/><line number="226" hits="0"/><line number="227" hits="0"/><line number="232" hits="0"/><line number="235" hits="0"/><line number="236" hits="0"/><line number="237" hits="0"/><line number="238" hits="0"/><line number="241" hits="0"/><line number="243" hits="0"/><line number="246" hits="0"/><line number="247" hits="0"/><line number="248" hits="0"/><line number="249" hits="0"/><line number="250" hits="0"/><line number="253" hits="0"/><line number="255" hits="0"/><line number="256" hits="0"/><line number="257" hits="0"/><line number="259" hits="0"/><line number="266" hits="0"/><line number="267" hits="0"/><line number="269" hits="0"/><line number="271" hits="0"/><line number="273" hits="0"/><line number="274" hits="0"/><line number="277" hits="0"/><line number="278" hits="0"/><line number="279" hits="0"/><line number="281" hits="0"/><line number="282" hits="0"/><line number="283" hits="0"/><line number="284" hits="0"/><line number="285" hits="0"/><line number="293" hits="0"/><line number="296" hits="0"/><line number="297" hits="0"/><line number="298" hits="0"/><line number="299" hits="0"/><line number="302" hits="0"/><line number="304" hits="0"/><line number="307" hits="0"/><line number="308" hits="0"/><line number="309" hits="0"/><line number="312" hits="0"/><line number="313" hits="0"/><line number="320" hits="0"/><line number="322" hits="0"/><line number="324" hits="0"/><line number="328" hits="0"/><line number="332" hits="0"/><line number="333" hits="0"/><line number="335" hits="0"/><line number="336" hits="0"/><line number="337" hits="0"/><line number="340" hits="0"/><line number="342" hits="0"/><line number="343" hits="0"/><line number="345" hits="0"/><line number="346" hits="0"/><line number="347" hits="0"/><line number="348" hits="0"/><line number="349" hits="0"/><line number="350" hits="0"/><line number="353" hits="0"/><line number="356" hits="0"/><line number="357" hits="0"/><line number="358" hits="0"/><line number="360" hits="0"/><line number="361" hits="0"/><line number="366" hits="0"/><line number="370" hits="0"/><line number="376" hits="0"/><line number="377" hits="0"/><line number="378" hits="0"/><line number="379" hits="0"/><line number="381" hits="0"/><line number="382" hits="0"/><line number="383" hits="0"/><line number="384" hits="0"/><line number="386" hits="0"/><line number="387" hits="0"/><line number="388" hits="0"/><line number="390" hits="0"/><line number="391" hits="0"/><line number="392" hits="0"/><line number="394" hits="0"/><line number="395" hits="0"/><line number="397" hits="0"/><line number="399" hits="0"/><line number="400" hits="0"/><line number="401" hits="0"/><line number="403" hits="0"/><line number="406" hits="0"/><line number="412" hits="0"/><line number="416" hits="1"/><line number="417" hits="1"/></lines></class><class name="status" filename="src/cli/commands/status.rs" line-rate="0" branch-rate="0" complexity="0"><methods/><lines><line number="11" hits="0"/><line number="12" hits="0"/><line number="14" hits="0"/><line number="17" hits="0"/><line number="18" hits="0"/><line number="20" hits="0"/><line number="21" hits="0"/><line number="22" hits="0"/><line number="28" hits="0"/><line number="29" hits="0"/><line number="30" hits="0"/><line number="32" hits="0"/><line number="33" hits="0"/><line number="34" hits="0"/><line number="36" hits="0"/><line number="37" hits="0"/><line number="41" hits="0"/><line number="42" hits="0"/><line number="43" hits="0"/><line number="44" hits="0"/><line number="47" hits="0"/></lines></class><class name="sync" filename="src/cli/commands/sync.rs" line-rate="0" branch-rate="0" complexity="0"><methods/><lines><line number="11" hits="0"/><line number="12" hits="0"/><line number="14" hits="0"/><line number="17" hits="0"/><line number="18" hits="0"/><line number="19" hits="0"/><line number="23" hits="0"/><line number="24" hits="0"/><line number="25" hits="0"/><line number="26" hits="0"/><line number="30" hits="0"/><line number="31" hits="0"/><line number="33" hits="0"/><line number="34" hits="0"/><line number="35" hits="0"/><line number="36" hits="0"/><line number="37" hits="0"/><line number="38" hits="0"/><line number="41" hits="0"/><line number="42" hits="0"/><line number="47" hits="0"/><line number="48" hits="0"/><line number="50" hits="0"/><line number="51" hits="0"/><line number="54" hits="0"/><line number="61" hits="0"/><line number="62" hits="0"/><line number="63" hits="0"/><line number="64" hits="0"/><line number="65" hits="0"/><line number="67" hits="0"/><line number="72" hits="0"/><line number="73" hits="0"/><line number="74" hits="0"/><line number="75" hits="0"/><line number="76" hits="0"/><line number="78" hits="0"/><line number="82" hits="0"/><line number="84" hits="0"/></lines></class><class name="tag" filename="src/cli/commands/tag.rs" line-rate="0" branch-rate="0" complexity="0"><methods/><lines><line number="15" hits="0"/><line number="16" hits="0"/><line number="18" hits="0"/><line number="20" hits="0"/><line number="22" hits="0"/><line number="24" hits="0"/><line number="25" hits="0"/><line number="27" hits="0"/><line number="28" hits="0"/><line number="30" hits="0"/><line number="31" hits="0"/><line number="34" hits="0"/><line number="37" hits="0"/><line number="41" hits="0"/><line number="42" hits="0"/><line number="44" hits="0"/><line number="46" hits="0"/><line number="49" hits="0"/><line number="50" hits="0"/><line number="53" hits="0"/><line number="55" hits="0"/><line number="57" hits="0"/><line number="60" hits="0"/><line number="62" hits="0"/><line number="63" hits="0"/><line number="65" hits="0"/><line number="68" hits="0"/><line number="70" hits="0"/><line number="72" hits="0"/><line number="73" hits="0"/><line number="75" hits="0"/><line number="77" hits="0"/><line number="78" hits="0"/><line number="80" hits="0"/><line number="83" hits="0"/><line number="84" hits="0"/><line number="85" hits="0"/><line number="87" hits="0"/><line number="91" hits="0"/><line number="92" hits="0"/><line number="94" hits="0"/><line number="96" hits="0"/><line number="99" hits="0"/><line number="101" hits="0"/><line number="102" hits="0"/><line number="103" hits="0"/><line number="104" hits="0"/><line number="107" hits="0"/><line number="111" hits="0"/><line number="112" hits="0"/><line number="113" hits="0"/><line number="115" hits="0"/></lines></class></classes></package><package name="src/daemon" line-rate="0.44654088050314467" branch-rate="0" complexity="0"><classes><class name="scheduler" filename="src/daemon/scheduler.rs" line-rate="0.8709677419354839" branch-rate="0" complexity="0"><methods/><lines><line number="21" hits="2"/><line number="24" hits="3"/><line number="29" hits="2"/><line number="39" hits="4"/><line number="40" hits="2"/><line number="41" hits="0"/><line number="42" hits="0"/><line number="45" hits="4"/><line number="47" hits="4"/><line number="48" hits="6"/><line number="50" hits="2"/><line number="51" hits="0"/><line number="54" hits="4"/><line number="56" hits="8"/><line number="57" hits="0"/><line number="58" hits="1"/><line number="60" hits="1"/><line number="61" hits="2"/><line number="67" hits="4"/><line number="68" hits="0"/><line number="72" hits="0"/><line number="73" hits="0"/><line number="74" hits="0"/><line number="79" hits="2"/><line number="80" hits="2"/><line number="85" hits="2"/><line number="86" hits="2"/><line number="91" hits="2"/><line number="93" hits="2"/><line number="106" hits="1"/><line number="107" hits="1"/><line number="108" hits="1"/><line number="113" hits="2"/><line number="114" hits="2"/><line number="126" hits="2"/><line number="127" hits="3"/><line number="129" hits="8"/><line number="130" hits="4"/><line number="133" hits="2"/><line number="134" hits="2"/><line number="137" hits="6"/><line number="138" hits="4"/><line number="141" hits="2"/><line number="142" hits="2"/><line number="143" hits="2"/><line number="145" hits="6"/><line number="146" hits="4"/><line number="149" hits="2"/><line number="150" hits="2"/><line number="151" hits="2"/><line number="155" hits="6"/><line number="157" hits="5"/><line number="158" hits="2"/><line number="166" hits="2"/><line number="167" hits="2"/><line number="172" hits="2"/><line number="180" hits="3"/><line number="182" hits="3"/><line number="188" hits="2"/><line number="190" hits="2"/><line number="196" hits="1"/><line number="197" hits="1"/></lines></class><class name="service" filename="src/daemon/service.rs" line-rate="0.17525773195876287" branch-rate="0" complexity="0"><methods/><lines><line number="25" hits="1"/><line number="26" hits="1"/><line number="28" hits="2"/><line number="29" hits="1"/><line number="39" hits="0"/><line number="41" hits="0"/><line number="42" hits="0"/><line number="43" hits="0"/><line number="47" hits="0"/><line number="48" hits="0"/><line number="51" hits="0"/><line number="52" hits="0"/><line number="55" hits="0"/><line number="56" hits="0"/><line number="57" hits="0"/><line number="59" hits="0"/><line number="60" hits="0"/><line number="61" hits="0"/><line number="63" hits="0"/><line number="64" hits="0"/><line number="70" hits="0"/><line number="73" hits="0"/><line number="74" hits="0"/><line number="75" hits="0"/><line number="79" hits="0"/><line number="81" hits="0"/><line number="83" hits="0"/><line number="84" hits="0"/><line number="89" hits="0"/><line number="91" hits="0"/><line number="95" hits="0"/><line number="96" hits="0"/><line number="98" hits="0"/><line number="99" hits="0"/><line number="102" hits="0"/><line number="103" hits="0"/><line number="111" hits="0"/><line number="112" hits="0"/><line number="114" hits="0"/><line number="116" hits="0"/><line number="119" hits="0"/><line number="120" hits="0"/><line number="121" hits="0"/><line number="122" hits="0"/><line number="128" hits="0"/><line number="129" hits="0"/><line number="130" hits="0"/><line number="142" hits="0"/><line number="144" hits="0"/><line number="145" hits="0"/><line number="149" hits="1"/><line number="150" hits="1"/><line number="151" hits="1"/><line number="154" hits="0"/><line number="162" hits="0"/><line number="164" hits="0"/><line number="165" hits="0"/><line number="168" hits="0"/><line number="169" hits="0"/><line number="171" hits="0"/><line number="183" hits="1"/><line number="184" hits="1"/><line number="186" hits="2"/><line number="187" hits="0"/><line number="188" hits="0"/><line number="191" hits="0"/><line number="194" hits="1"/><line number="197" hits="1"/><line number="203" hits="0"/><line number="205" hits="0"/><line number="206" hits="0"/><line number="209" hits="0"/><line number="210" hits="0"/><line number="212" hits="0"/><line number="216" hits="0"/><line number="217" hits="0"/><line number="218" hits="0"/><line number="220" hits="0"/><line number="223" hits="0"/><line number="227" hits="1"/><line number="228" hits="1"/><line number="229" hits="0"/><line number="230" hits="0"/><line number="232" hits="1"/><line number="254" hits="0"/><line number="255" hits="0"/><line number="258" hits="0"/><line number="262" hits="0"/><line number="263" hits="0"/><line number="264" hits="0"/><line number="265" hits="0"/><line number="268" hits="0"/><line number="273" hits="0"/><line number="274" hits="0"/><line number="276" hits="0"/><line number="280" hits="1"/><line number="282" hits="1"/></lines></class></classes></package></packages></coverage>